<?xml version="1.0" encoding="UTF-8"?>
<testng-results skipped="14" failed="0" total="14" passed="0">
  <reporter-output>
  </reporter-output>
  <suite name="Suite" duration-ms="3528" started-at="2016-04-05T11:48:02Z" finished-at="2016-04-05T11:48:05Z">
    <groups>
    </groups>
    <test name="Test" duration-ms="3528" started-at="2016-04-05T11:48:02Z" finished-at="2016-04-05T11:48:05Z">
      <class name="example.TC05_subway_menu">
        <test-method status="SKIP" signature="tc010()[pri:0, instance:example.TC05_subway_menu@4411d970]" name="tc010" duration-ms="0" started-at="2016-04-05T20:48:05Z" finished-at="2016-04-05T20:48:05Z">
          <reporter-output>
          </reporter-output>
        </test-method> <!-- tc010 -->
      </class> <!-- example.TC05_subway_menu -->
      <class name="example.TC02_search_menu">
        <test-method status="SKIP" signature="tc008()[pri:0, instance:example.TC02_search_menu@60f82f98]" name="tc008" duration-ms="0" started-at="2016-04-05T20:48:05Z" finished-at="2016-04-05T20:48:05Z">
          <reporter-output>
          </reporter-output>
        </test-method> <!-- tc008 -->
        <test-method status="SKIP" signature="tc007()[pri:0, instance:example.TC02_search_menu@60f82f98]" name="tc007" duration-ms="0" started-at="2016-04-05T20:48:05Z" finished-at="2016-04-05T20:48:05Z">
          <reporter-output>
          </reporter-output>
        </test-method> <!-- tc007 -->
      </class> <!-- example.TC02_search_menu -->
      <class name="example.TC06_endPage_detail">
        <test-method status="SKIP" signature="tc011()[pri:0, instance:example.TC06_endPage_detail@96532d6]" name="tc011" duration-ms="0" started-at="2016-04-05T20:48:05Z" finished-at="2016-04-05T20:48:05Z">
          <reporter-output>
          </reporter-output>
        </test-method> <!-- tc011 -->
      </class> <!-- example.TC06_endPage_detail -->
      <class name="example.TC04_bus_menu">
        <test-method status="SKIP" signature="tc009()[pri:0, instance:example.TC04_bus_menu@67b64c45]" name="tc009" duration-ms="0" started-at="2016-04-05T20:48:05Z" finished-at="2016-04-05T20:48:05Z">
          <reporter-output>
          </reporter-output>
        </test-method> <!-- tc009 -->
      </class> <!-- example.TC04_bus_menu -->
      <class name="example.TC01_indoor_map">
        <test-method status="FAIL" signature="beforeTest()[pri:0, instance:example.TC01_indoor_map@880ec60]" name="beforeTest" is-config="true" duration-ms="0" started-at="2016-04-05T20:48:02Z" finished-at="2016-04-05T20:48:02Z">
          <exception class="org.openqa.selenium.NoSuchWindowException">
            <message>
              <![CDATA[Error retrieving window with handle current (WARNING: The server did not provide any stacktrace information)
Command duration or timeout: 13 milliseconds
Build info: version: '2.48.0', revision: 'b7b081a4f1289f17e8ecd38bc67e137c2a12e34a', time: '2015-10-07 09:50:14'
System info: host: 'WIN-4FMBHHT0AJI', ip: '10.12.45.232', os.name: 'Windows 7', os.arch: 'amd64', os.version: '6.1', java.version: '1.8.0_73'
Driver info: org.openqa.selenium.ie.InternetExplorerDriver
Capabilities [{browserAttachTimeout=0, enablePersistentHover=true, ie.forceCreateProcessApi=false, pageLoadStrategy=normal, ie.usePerProcessProxy=false, ignoreZoomSetting=false, handlesAlerts=true, version=10, platform=WINDOWS, nativeEvents=true, ie.ensureCleanSession=false, elementScrollBehavior=0, ie.browserCommandLineSwitches=, requireWindowFocus=false, browserName=internet explorer, initialBrowserUrl=http://localhost:6747/, takesScreenshot=true, javascriptEnabled=true, ignoreProtectedModeSettings=true, enableElementCacheCleanup=true, cssSelectorsEnabled=true, unexpectedAlertBehaviour=dismiss}]
Session ID: 4a4be513-ec63-4e9a-8dbf-22558e5e3431]]>
            </message>
            <full-stacktrace>
              <![CDATA[org.openqa.selenium.NoSuchWindowException: Error retrieving window with handle current (WARNING: The server did not provide any stacktrace information)
Command duration or timeout: 13 milliseconds
Build info: version: '2.48.0', revision: 'b7b081a4f1289f17e8ecd38bc67e137c2a12e34a', time: '2015-10-07 09:50:14'
System info: host: 'WIN-4FMBHHT0AJI', ip: '10.12.45.232', os.name: 'Windows 7', os.arch: 'amd64', os.version: '6.1', java.version: '1.8.0_73'
Driver info: org.openqa.selenium.ie.InternetExplorerDriver
Capabilities [{browserAttachTimeout=0, enablePersistentHover=true, ie.forceCreateProcessApi=false, pageLoadStrategy=normal, ie.usePerProcessProxy=false, ignoreZoomSetting=false, handlesAlerts=true, version=10, platform=WINDOWS, nativeEvents=true, ie.ensureCleanSession=false, elementScrollBehavior=0, ie.browserCommandLineSwitches=, requireWindowFocus=false, browserName=internet explorer, initialBrowserUrl=http://localhost:6747/, takesScreenshot=true, javascriptEnabled=true, ignoreProtectedModeSettings=true, enableElementCacheCleanup=true, cssSelectorsEnabled=true, unexpectedAlertBehaviour=dismiss}]
Session ID: 4a4be513-ec63-4e9a-8dbf-22558e5e3431
	at sun.reflect.NativeConstructorAccessorImpl.newInstance0(Native Method)
	at sun.reflect.NativeConstructorAccessorImpl.newInstance(Unknown Source)
	at sun.reflect.DelegatingConstructorAccessorImpl.newInstance(Unknown Source)
	at java.lang.reflect.Constructor.newInstance(Unknown Source)
	at org.openqa.selenium.remote.ErrorHandler.createThrowable(ErrorHandler.java:206)
	at org.openqa.selenium.remote.ErrorHandler.throwIfResponseFailed(ErrorHandler.java:158)
	at org.openqa.selenium.remote.RemoteWebDriver.execute(RemoteWebDriver.java:647)
	at org.openqa.selenium.remote.RemoteWebDriver$RemoteWebDriverOptions$RemoteWindow.maximize(RemoteWebDriver.java:907)
	at example.TC01_indoor_map.beforeTest(TC01_indoor_map.java:36)
	at sun.reflect.NativeMethodAccessorImpl.invoke0(Native Method)
	at sun.reflect.NativeMethodAccessorImpl.invoke(Unknown Source)
	at sun.reflect.DelegatingMethodAccessorImpl.invoke(Unknown Source)
	at java.lang.reflect.Method.invoke(Unknown Source)
	at org.testng.internal.MethodInvocationHelper.invokeMethod(MethodInvocationHelper.java:80)
	at org.testng.internal.Invoker.invokeConfigurationMethod(Invoker.java:564)
	at org.testng.internal.Invoker.invokeConfigurations(Invoker.java:213)
	at org.testng.internal.Invoker.invokeConfigurations(Invoker.java:138)
	at org.testng.TestRunner.beforeRun(TestRunner.java:641)
	at org.testng.TestRunner.run(TestRunner.java:609)
	at org.testng.SuiteRunner.runTest(SuiteRunner.java:334)
	at org.testng.SuiteRunner.runSequentially(SuiteRunner.java:329)
	at org.testng.SuiteRunner.privateRun(SuiteRunner.java:291)
	at org.testng.SuiteRunner.run(SuiteRunner.java:240)
	at org.testng.SuiteRunnerWorker.runSuite(SuiteRunnerWorker.java:52)
	at org.testng.SuiteRunnerWorker.run(SuiteRunnerWorker.java:86)
	at org.testng.TestNG.runSuitesSequentially(TestNG.java:1198)
	at org.testng.TestNG.runSuitesLocally(TestNG.java:1123)
	at org.testng.TestNG.run(TestNG.java:1031)
	at org.apache.maven.surefire.testng.TestNGExecutor.run(TestNGExecutor.java:295)
	at org.apache.maven.surefire.testng.TestNGXmlTestSuite.execute(TestNGXmlTestSuite.java:84)
	at org.apache.maven.surefire.testng.TestNGProvider.invoke(TestNGProvider.java:90)
	at org.apache.maven.surefire.booter.ForkedBooter.invokeProviderInSameClassLoader(ForkedBooter.java:203)
	at org.apache.maven.surefire.booter.ForkedBooter.runSuitesInProcess(ForkedBooter.java:155)
	at org.apache.maven.surefire.booter.ForkedBooter.main(ForkedBooter.java:103)
]]>
            </full-stacktrace>
          </exception> <!-- org.openqa.selenium.NoSuchWindowException -->
          <reporter-output>
          </reporter-output>
        </test-method> <!-- beforeTest -->
        <test-method status="SKIP" signature="openBrower()[pri:0, instance:example.TC07_endPage_CP_Link@3796751b]" name="openBrower" is-config="true" duration-ms="0" started-at="2016-04-05T20:48:05Z" finished-at="2016-04-05T20:48:05Z">
          <reporter-output>
          </reporter-output>
        </test-method> <!-- openBrower -->
        <test-method status="SKIP" signature="beforeTest()[pri:0, instance:example.TC02_search_menu@60f82f98]" name="beforeTest" is-config="true" duration-ms="0" started-at="2016-04-05T20:48:05Z" finished-at="2016-04-05T20:48:05Z">
          <reporter-output>
          </reporter-output>
        </test-method> <!-- beforeTest -->
        <test-method status="SKIP" signature="openBrower()[pri:0, instance:example.TC04_bus_menu@67b64c45]" name="openBrower" is-config="true" duration-ms="0" started-at="2016-04-05T20:48:05Z" finished-at="2016-04-05T20:48:05Z">
          <reporter-output>
          </reporter-output>
        </test-method> <!-- openBrower -->
        <test-method status="SKIP" signature="openBrower()[pri:0, instance:example.TC06_endPage_detail@96532d6]" name="openBrower" is-config="true" duration-ms="0" started-at="2016-04-05T20:48:05Z" finished-at="2016-04-05T20:48:05Z">
          <reporter-output>
          </reporter-output>
        </test-method> <!-- openBrower -->
        <test-method status="SKIP" signature="openBrower()[pri:0, instance:example.TC05_subway_menu@4411d970]" name="openBrower" is-config="true" duration-ms="0" started-at="2016-04-05T20:48:05Z" finished-at="2016-04-05T20:48:05Z">
          <reporter-output>
          </reporter-output>
        </test-method> <!-- openBrower -->
        <test-method status="SKIP" signature="openBrower()[pri:0, instance:example.TC03_route_menu@6442b0a6]" name="openBrower" is-config="true" duration-ms="0" started-at="2016-04-05T20:48:05Z" finished-at="2016-04-05T20:48:05Z">
          <reporter-output>
          </reporter-output>
        </test-method> <!-- openBrower -->
        <test-method status="SKIP" signature="tc001()[pri:0, instance:example.TC01_indoor_map@880ec60]" name="tc001" duration-ms="0" started-at="2016-04-05T20:48:05Z" finished-at="2016-04-05T20:48:05Z">
          <reporter-output>
          </reporter-output>
        </test-method> <!-- tc001 -->
        <test-method status="SKIP" signature="afterTest()[pri:0, instance:example.TC01_indoor_map@880ec60]" name="afterTest" is-config="true" duration-ms="0" started-at="2016-04-05T20:48:05Z" finished-at="2016-04-05T20:48:05Z">
          <reporter-output>
          </reporter-output>
        </test-method> <!-- afterTest -->
        <test-method status="SKIP" signature="afterTest()[pri:0, instance:example.TC04_bus_menu@67b64c45]" name="afterTest" is-config="true" duration-ms="0" started-at="2016-04-05T20:48:05Z" finished-at="2016-04-05T20:48:05Z">
          <reporter-output>
          </reporter-output>
        </test-method> <!-- afterTest -->
        <test-method status="SKIP" signature="afterTest()[pri:0, instance:example.TC03_route_menu@6442b0a6]" name="afterTest" is-config="true" duration-ms="0" started-at="2016-04-05T20:48:05Z" finished-at="2016-04-05T20:48:05Z">
          <reporter-output>
          </reporter-output>
        </test-method> <!-- afterTest -->
        <test-method status="SKIP" signature="afterTest()[pri:0, instance:example.TC07_endPage_CP_Link@3796751b]" name="afterTest" is-config="true" duration-ms="0" started-at="2016-04-05T20:48:05Z" finished-at="2016-04-05T20:48:05Z">
          <reporter-output>
          </reporter-output>
        </test-method> <!-- afterTest -->
        <test-method status="SKIP" signature="afterTest()[pri:0, instance:example.TC05_subway_menu@4411d970]" name="afterTest" is-config="true" duration-ms="0" started-at="2016-04-05T20:48:05Z" finished-at="2016-04-05T20:48:05Z">
          <reporter-output>
          </reporter-output>
        </test-method> <!-- afterTest -->
        <test-method status="SKIP" signature="afterTest()[pri:0, instance:example.TC02_search_menu@60f82f98]" name="afterTest" is-config="true" duration-ms="0" started-at="2016-04-05T20:48:05Z" finished-at="2016-04-05T20:48:05Z">
          <reporter-output>
          </reporter-output>
        </test-method> <!-- afterTest -->
        <test-method status="SKIP" signature="afterTest()[pri:0, instance:example.TC06_endPage_detail@96532d6]" name="afterTest" is-config="true" duration-ms="0" started-at="2016-04-05T20:48:05Z" finished-at="2016-04-05T20:48:05Z">
          <reporter-output>
          </reporter-output>
        </test-method> <!-- afterTest -->
      </class> <!-- example.TC01_indoor_map -->
      <class name="example.TC07_endPage_CP_Link">
        <test-method status="SKIP" signature="tc012()[pri:0, instance:example.TC07_endPage_CP_Link@3796751b]" name="tc012" duration-ms="0" started-at="2016-04-05T20:48:05Z" finished-at="2016-04-05T20:48:05Z">
          <reporter-output>
          </reporter-output>
        </test-method> <!-- tc012 -->
        <test-method status="SKIP" signature="tc013()[pri:0, instance:example.TC07_endPage_CP_Link@3796751b]" name="tc013" duration-ms="1" started-at="2016-04-05T20:48:05Z" finished-at="2016-04-05T20:48:05Z">
          <reporter-output>
          </reporter-output>
        </test-method> <!-- tc013 -->
        <test-method status="SKIP" signature="tc014()[pri:0, instance:example.TC07_endPage_CP_Link@3796751b]" name="tc014" duration-ms="0" started-at="2016-04-05T20:48:05Z" finished-at="2016-04-05T20:48:05Z">
          <reporter-output>
          </reporter-output>
        </test-method> <!-- tc014 -->
      </class> <!-- example.TC07_endPage_CP_Link -->
      <class name="example.TC03_route_menu">
        <test-method status="SKIP" signature="tc002()[pri:0, instance:example.TC03_route_menu@6442b0a6]" name="tc002" duration-ms="0" started-at="2016-04-05T20:48:05Z" finished-at="2016-04-05T20:48:05Z">
          <reporter-output>
          </reporter-output>
        </test-method> <!-- tc002 -->
        <test-method status="SKIP" signature="tc004()[pri:0, instance:example.TC03_route_menu@6442b0a6]" name="tc004" duration-ms="0" started-at="2016-04-05T20:48:05Z" finished-at="2016-04-05T20:48:05Z">
          <reporter-output>
          </reporter-output>
        </test-method> <!-- tc004 -->
        <test-method status="SKIP" signature="tc003()[pri:0, instance:example.TC03_route_menu@6442b0a6]" name="tc003" duration-ms="0" started-at="2016-04-05T20:48:05Z" finished-at="2016-04-05T20:48:05Z">
          <reporter-output>
          </reporter-output>
        </test-method> <!-- tc003 -->
        <test-method status="SKIP" signature="tc006()[pri:0, instance:example.TC03_route_menu@6442b0a6]" name="tc006" duration-ms="0" started-at="2016-04-05T20:48:05Z" finished-at="2016-04-05T20:48:05Z">
          <reporter-output>
          </reporter-output>
        </test-method> <!-- tc006 -->
        <test-method status="SKIP" signature="tc005()[pri:0, instance:example.TC03_route_menu@6442b0a6]" name="tc005" duration-ms="0" started-at="2016-04-05T20:48:05Z" finished-at="2016-04-05T20:48:05Z">
          <reporter-output>
          </reporter-output>
        </test-method> <!-- tc005 -->
      </class> <!-- example.TC03_route_menu -->
    </test> <!-- Test -->
  </suite> <!-- Suite -->
</testng-results>
