<?xml version="1.0" encoding="UTF-8" ?>
<testsuite tests="20" failures="14" name="TestSuite" time="227.687" errors="0" skipped="5">
  <properties>
[...]
</properties>
  <testcase classname="example.TC01_indoor_map" name="tc001" time="56.422"/>
  <testcase classname="example.TC02_search_menu" name="tc007" time="0.001">
    <failure type="java.lang.NullPointerException">java.lang.NullPointerException
	at example.TC02_search_menu.tc007(TC02_search_menu.java:31)
</failure>
  </testcase>
  <testcase classname="example.TC02_search_menu" name="tc008" time="0">
    <failure type="java.lang.NullPointerException">java.lang.NullPointerException
	at example.TC02_search_menu.tc008(TC02_search_menu.java:134)
</failure>
  </testcase>
  <testcase classname="example.TC03_route_menu" name="tc002" time="0">
    <failure type="java.lang.NullPointerException">java.lang.NullPointerException
	at example.TC03_route_menu.tc002(TC03_route_menu.java:34)
</failure>
  </testcase>
  <testcase classname="example.TC03_route_menu" name="tc003" time="0">
    <failure type="java.lang.NullPointerException">java.lang.NullPointerException
	at example.TC03_route_menu.tc003(TC03_route_menu.java:141)
</failure>
  </testcase>
  <testcase classname="example.TC03_route_menu" name="tc004" time="0">
    <failure type="java.lang.NullPointerException">java.lang.NullPointerException
	at example.TC03_route_menu.tc004(TC03_route_menu.java:230)
</failure>
  </testcase>
  <testcase classname="example.TC03_route_menu" name="tc005" time="0">
    <failure type="java.lang.NullPointerException">java.lang.NullPointerException
	at example.TC03_route_menu.tc005(TC03_route_menu.java:287)
</failure>
  </testcase>
  <testcase classname="example.TC03_route_menu" name="tc006" time="0">
    <failure type="java.lang.NullPointerException">java.lang.NullPointerException
	at example.TC03_route_menu.tc006(TC03_route_menu.java:362)
</failure>
  </testcase>
  <testcase classname="example.TC04_bus_menu" name="tc009" time="0">
    <failure type="java.lang.NullPointerException">java.lang.NullPointerException
	at example.TC04_bus_menu.tc009(TC04_bus_menu.java:30)
</failure>
  </testcase>
  <testcase classname="example.TC05_subway_menu" name="tc010" time="0">
    <failure type="java.lang.NullPointerException">java.lang.NullPointerException
	at example.TC05_subway_menu.tc010(TC05_subway_menu.java:23)
</failure>
  </testcase>
  <testcase classname="example.TC06_endPage_detail" name="tc011" time="0">
    <failure type="java.lang.NullPointerException">java.lang.NullPointerException
	at example.TC06_endPage_detail.tc011(TC06_endPage_detail.java:23)
</failure>
  </testcase>
  <testcase classname="example.TC07_endPage_CP_Link" name="tc012" time="39.521">
    <failure message="Element is no longer valid (WARNING: The server did not provide any stacktrace information)
Command duration or timeout: 155 milliseconds
For documentation on this error, please visit: http://seleniumhq.org/exceptions/stale_element_reference.html
Build info: version: &apos;2.45.0&apos;, revision: &apos;5017cb8e7ca8e37638dc3091b2440b90a1d8686f&apos;, time: &apos;2015-02-27 09:10:26&apos;
System info: host: &apos;WIN-4FMBHHT0AJI&apos;, ip: &apos;10.12.45.232&apos;, os.name: &apos;Windows 7&apos;, os.arch: &apos;amd64&apos;, os.version: &apos;6.1&apos;, java.version: &apos;1.8.0_73&apos;
Driver info: org.openqa.selenium.ie.InternetExplorerDriver
Capabilities [{browserAttachTimeout=0, enablePersistentHover=true, ie.forceCreateProcessApi=false, pageLoadStrategy=normal, ie.usePerProcessProxy=false, ignoreZoomSetting=false, handlesAlerts=true, version=10, platform=WINDOWS, nativeEvents=true, ie.ensureCleanSession=false, elementScrollBehavior=0, ie.browserCommandLineSwitches=, requireWindowFocus=false, browserName=internet explorer, initialBrowserUrl=http://localhost:12242/, takesScreenshot=true, javascriptEnabled=true, ignoreProtectedModeSettings=true, enableElementCacheCleanup=true, cssSelectorsEnabled=true, unexpectedAlertBehaviour=dismiss}]
Session ID: 72c73122-2e91-41c7-aaee-20ab072dde87" type="org.openqa.selenium.StaleElementReferenceException">org.openqa.selenium.StaleElementReferenceException: Element is no longer valid (WARNING: The server did not provide any stacktrace information)
Command duration or timeout: 155 milliseconds
For documentation on this error, please visit: http://seleniumhq.org/exceptions/stale_element_reference.html
Build info: version: &apos;2.45.0&apos;, revision: &apos;5017cb8e7ca8e37638dc3091b2440b90a1d8686f&apos;, time: &apos;2015-02-27 09:10:26&apos;
System info: host: &apos;WIN-4FMBHHT0AJI&apos;, ip: &apos;10.12.45.232&apos;, os.name: &apos;Windows 7&apos;, os.arch: &apos;amd64&apos;, os.version: &apos;6.1&apos;, java.version: &apos;1.8.0_73&apos;
Driver info: org.openqa.selenium.ie.InternetExplorerDriver
Capabilities [{browserAttachTimeout=0, enablePersistentHover=true, ie.forceCreateProcessApi=false, pageLoadStrategy=normal, ie.usePerProcessProxy=false, ignoreZoomSetting=false, handlesAlerts=true, version=10, platform=WINDOWS, nativeEvents=true, ie.ensureCleanSession=false, elementScrollBehavior=0, ie.browserCommandLineSwitches=, requireWindowFocus=false, browserName=internet explorer, initialBrowserUrl=http://localhost:12242/, takesScreenshot=true, javascriptEnabled=true, ignoreProtectedModeSettings=true, enableElementCacheCleanup=true, cssSelectorsEnabled=true, unexpectedAlertBehaviour=dismiss}]
Session ID: 72c73122-2e91-41c7-aaee-20ab072dde87
	at sun.reflect.NativeConstructorAccessorImpl.newInstance0(Native Method)
	at sun.reflect.NativeConstructorAccessorImpl.newInstance(Unknown Source)
	at sun.reflect.DelegatingConstructorAccessorImpl.newInstance(Unknown Source)
	at java.lang.reflect.Constructor.newInstance(Unknown Source)
	at org.openqa.selenium.remote.ErrorHandler.createThrowable(ErrorHandler.java:204)
	at org.openqa.selenium.remote.ErrorHandler.throwIfResponseFailed(ErrorHandler.java:156)
	at org.openqa.selenium.remote.RemoteWebDriver.execute(RemoteWebDriver.java:599)
	at org.openqa.selenium.remote.RemoteWebElement.execute(RemoteWebElement.java:268)
	at org.openqa.selenium.remote.RemoteWebElement.click(RemoteWebElement.java:79)
	at example.TC07_endPage_CP_Link.tc012(TC07_endPage_CP_Link.java:98)
</failure>
    <system-out>나들가게 업체 홈페이지 클릭
야놀자 업체 홈페이지 클릭
</system-out>
  </testcase>
  <testcase classname="example.TC07_endPage_CP_Link" name="tc013" time="60.056">
    <failure message="Unable to find element with xpath == //div[@id=&apos;_mainTabMenus&apos;]/ul/li[1]/a/strong (WARNING: The server did not provide any stacktrace information)
Command duration or timeout: 10.04 seconds
For documentation on this error, please visit: http://seleniumhq.org/exceptions/no_such_element.html
Build info: version: &apos;2.45.0&apos;, revision: &apos;5017cb8e7ca8e37638dc3091b2440b90a1d8686f&apos;, time: &apos;2015-02-27 09:10:26&apos;
System info: host: &apos;WIN-4FMBHHT0AJI&apos;, ip: &apos;10.12.45.232&apos;, os.name: &apos;Windows 7&apos;, os.arch: &apos;amd64&apos;, os.version: &apos;6.1&apos;, java.version: &apos;1.8.0_73&apos;
Driver info: org.openqa.selenium.ie.InternetExplorerDriver
Capabilities [{browserAttachTimeout=0, enablePersistentHover=true, ie.forceCreateProcessApi=false, pageLoadStrategy=normal, ie.usePerProcessProxy=false, ignoreZoomSetting=false, handlesAlerts=true, version=10, platform=WINDOWS, nativeEvents=true, ie.ensureCleanSession=false, elementScrollBehavior=0, ie.browserCommandLineSwitches=, requireWindowFocus=false, browserName=internet explorer, initialBrowserUrl=http://localhost:12242/, takesScreenshot=true, javascriptEnabled=true, ignoreProtectedModeSettings=true, enableElementCacheCleanup=true, cssSelectorsEnabled=true, unexpectedAlertBehaviour=dismiss}]
Session ID: 72c73122-2e91-41c7-aaee-20ab072dde87
*** Element info: {Using=xpath, value=//div[@id=&apos;_mainTabMenus&apos;]/ul/li[1]/a/strong}" type="org.openqa.selenium.NoSuchElementException">org.openqa.selenium.NoSuchElementException: Unable to find element with xpath == //div[@id=&apos;_mainTabMenus&apos;]/ul/li[1]/a/strong (WARNING: The server did not provide any stacktrace information)
Command duration or timeout: 10.04 seconds
For documentation on this error, please visit: http://seleniumhq.org/exceptions/no_such_element.html
Build info: version: &apos;2.45.0&apos;, revision: &apos;5017cb8e7ca8e37638dc3091b2440b90a1d8686f&apos;, time: &apos;2015-02-27 09:10:26&apos;
System info: host: &apos;WIN-4FMBHHT0AJI&apos;, ip: &apos;10.12.45.232&apos;, os.name: &apos;Windows 7&apos;, os.arch: &apos;amd64&apos;, os.version: &apos;6.1&apos;, java.version: &apos;1.8.0_73&apos;
Driver info: org.openqa.selenium.ie.InternetExplorerDriver
Capabilities [{browserAttachTimeout=0, enablePersistentHover=true, ie.forceCreateProcessApi=false, pageLoadStrategy=normal, ie.usePerProcessProxy=false, ignoreZoomSetting=false, handlesAlerts=true, version=10, platform=WINDOWS, nativeEvents=true, ie.ensureCleanSession=false, elementScrollBehavior=0, ie.browserCommandLineSwitches=, requireWindowFocus=false, browserName=internet explorer, initialBrowserUrl=http://localhost:12242/, takesScreenshot=true, javascriptEnabled=true, ignoreProtectedModeSettings=true, enableElementCacheCleanup=true, cssSelectorsEnabled=true, unexpectedAlertBehaviour=dismiss}]
Session ID: 72c73122-2e91-41c7-aaee-20ab072dde87
*** Element info: {Using=xpath, value=//div[@id=&apos;_mainTabMenus&apos;]/ul/li[1]/a/strong}
	at sun.reflect.NativeConstructorAccessorImpl.newInstance0(Native Method)
	at sun.reflect.NativeConstructorAccessorImpl.newInstance(Unknown Source)
	at sun.reflect.DelegatingConstructorAccessorImpl.newInstance(Unknown Source)
	at java.lang.reflect.Constructor.newInstance(Unknown Source)
	at org.openqa.selenium.remote.ErrorHandler.createThrowable(ErrorHandler.java:204)
	at org.openqa.selenium.remote.ErrorHandler.throwIfResponseFailed(ErrorHandler.java:156)
	at org.openqa.selenium.remote.RemoteWebDriver.execute(RemoteWebDriver.java:599)
	at org.openqa.selenium.remote.RemoteWebDriver.findElement(RemoteWebDriver.java:352)
	at org.openqa.selenium.remote.RemoteWebDriver.findElementByXPath(RemoteWebDriver.java:449)
	at org.openqa.selenium.By$ByXPath.findElement(By.java:357)
	at org.openqa.selenium.remote.RemoteWebDriver.findElement(RemoteWebDriver.java:344)
	at example.TC07_endPage_CP_Link.tc013(TC07_endPage_CP_Link.java:201)
</failure>
    <system-out>모두의 주차장 가격 더보기
</system-out>
  </testcase>
  <testcase classname="example.TC07_endPage_CP_Link" name="tc014" time="10.241">
    <failure message="Unable to find element with id == search-input (WARNING: The server did not provide any stacktrace information)
Command duration or timeout: 10.22 seconds
For documentation on this error, please visit: http://seleniumhq.org/exceptions/no_such_element.html
Build info: version: &apos;2.45.0&apos;, revision: &apos;5017cb8e7ca8e37638dc3091b2440b90a1d8686f&apos;, time: &apos;2015-02-27 09:10:26&apos;
System info: host: &apos;WIN-4FMBHHT0AJI&apos;, ip: &apos;10.12.45.232&apos;, os.name: &apos;Windows 7&apos;, os.arch: &apos;amd64&apos;, os.version: &apos;6.1&apos;, java.version: &apos;1.8.0_73&apos;
Driver info: org.openqa.selenium.ie.InternetExplorerDriver
Capabilities [{browserAttachTimeout=0, enablePersistentHover=true, ie.forceCreateProcessApi=false, pageLoadStrategy=normal, ie.usePerProcessProxy=false, ignoreZoomSetting=false, handlesAlerts=true, version=10, platform=WINDOWS, nativeEvents=true, ie.ensureCleanSession=false, elementScrollBehavior=0, ie.browserCommandLineSwitches=, requireWindowFocus=false, browserName=internet explorer, initialBrowserUrl=http://localhost:12242/, takesScreenshot=true, javascriptEnabled=true, ignoreProtectedModeSettings=true, enableElementCacheCleanup=true, cssSelectorsEnabled=true, unexpectedAlertBehaviour=dismiss}]
Session ID: 72c73122-2e91-41c7-aaee-20ab072dde87
*** Element info: {Using=id, value=search-input}" type="org.openqa.selenium.NoSuchElementException">org.openqa.selenium.NoSuchElementException: Unable to find element with id == search-input (WARNING: The server did not provide any stacktrace information)
Command duration or timeout: 10.22 seconds
For documentation on this error, please visit: http://seleniumhq.org/exceptions/no_such_element.html
Build info: version: &apos;2.45.0&apos;, revision: &apos;5017cb8e7ca8e37638dc3091b2440b90a1d8686f&apos;, time: &apos;2015-02-27 09:10:26&apos;
System info: host: &apos;WIN-4FMBHHT0AJI&apos;, ip: &apos;10.12.45.232&apos;, os.name: &apos;Windows 7&apos;, os.arch: &apos;amd64&apos;, os.version: &apos;6.1&apos;, java.version: &apos;1.8.0_73&apos;
Driver info: org.openqa.selenium.ie.InternetExplorerDriver
Capabilities [{browserAttachTimeout=0, enablePersistentHover=true, ie.forceCreateProcessApi=false, pageLoadStrategy=normal, ie.usePerProcessProxy=false, ignoreZoomSetting=false, handlesAlerts=true, version=10, platform=WINDOWS, nativeEvents=true, ie.ensureCleanSession=false, elementScrollBehavior=0, ie.browserCommandLineSwitches=, requireWindowFocus=false, browserName=internet explorer, initialBrowserUrl=http://localhost:12242/, takesScreenshot=true, javascriptEnabled=true, ignoreProtectedModeSettings=true, enableElementCacheCleanup=true, cssSelectorsEnabled=true, unexpectedAlertBehaviour=dismiss}]
Session ID: 72c73122-2e91-41c7-aaee-20ab072dde87
*** Element info: {Using=id, value=search-input}
	at sun.reflect.NativeConstructorAccessorImpl.newInstance0(Native Method)
	at sun.reflect.NativeConstructorAccessorImpl.newInstance(Unknown Source)
	at sun.reflect.DelegatingConstructorAccessorImpl.newInstance(Unknown Source)
	at java.lang.reflect.Constructor.newInstance(Unknown Source)
	at org.openqa.selenium.remote.ErrorHandler.createThrowable(ErrorHandler.java:204)
	at org.openqa.selenium.remote.ErrorHandler.throwIfResponseFailed(ErrorHandler.java:156)
	at org.openqa.selenium.remote.RemoteWebDriver.execute(RemoteWebDriver.java:599)
	at org.openqa.selenium.remote.RemoteWebDriver.findElement(RemoteWebDriver.java:352)
	at org.openqa.selenium.remote.RemoteWebDriver.findElementById(RemoteWebDriver.java:393)
	at org.openqa.selenium.By$ById.findElement(By.java:214)
	at org.openqa.selenium.remote.RemoteWebDriver.findElement(RemoteWebDriver.java:344)
	at example.TC07_endPage_CP_Link.tc014(TC07_endPage_CP_Link.java:217)
</failure>
  </testcase>
  <testcase classname="example.TC01_indoor_map" name="afterTest" time="10.241">
    <failure type="java.lang.NullPointerException">java.lang.NullPointerException
	at example.TC02_search_menu.afterTest(TC02_search_menu.java:189)
	at sun.reflect.NativeMethodAccessorImpl.invoke0(Native Method)
	at sun.reflect.NativeMethodAccessorImpl.invoke(Unknown Source)
	at sun.reflect.DelegatingMethodAccessorImpl.invoke(Unknown Source)
	at java.lang.reflect.Method.invoke(Unknown Source)
	at org.testng.internal.MethodInvocationHelper.invokeMethod(MethodInvocationHelper.java:80)
	at org.testng.internal.Invoker.invokeConfigurationMethod(Invoker.java:564)
	at org.testng.internal.Invoker.invokeConfigurations(Invoker.java:213)
	at org.testng.internal.Invoker.invokeConfigurations(Invoker.java:138)
	at org.testng.TestRunner.afterRun(TestRunner.java:1021)
	at org.testng.TestRunner.run(TestRunner.java:621)
	at org.testng.SuiteRunner.runTest(SuiteRunner.java:334)
	at org.testng.SuiteRunner.runSequentially(SuiteRunner.java:329)
	at org.testng.SuiteRunner.privateRun(SuiteRunner.java:291)
	at org.testng.SuiteRunner.run(SuiteRunner.java:240)
	at org.testng.SuiteRunnerWorker.runSuite(SuiteRunnerWorker.java:52)
	at org.testng.SuiteRunnerWorker.run(SuiteRunnerWorker.java:86)
	at org.testng.TestNG.runSuitesSequentially(TestNG.java:1198)
	at org.testng.TestNG.runSuitesLocally(TestNG.java:1123)
	at org.testng.TestNG.run(TestNG.java:1031)
	at org.apache.maven.surefire.testng.TestNGExecutor.run(TestNGExecutor.java:177)
	at org.apache.maven.surefire.testng.TestNGXmlTestSuite.execute(TestNGXmlTestSuite.java:92)
	at org.apache.maven.surefire.testng.TestNGProvider.invoke(TestNGProvider.java:105)
	at sun.reflect.NativeMethodAccessorImpl.invoke0(Native Method)
	at sun.reflect.NativeMethodAccessorImpl.invoke(Unknown Source)
	at sun.reflect.DelegatingMethodAccessorImpl.invoke(Unknown Source)
	at java.lang.reflect.Method.invoke(Unknown Source)
	at org.apache.maven.surefire.util.ReflectionUtils.invokeMethodWithArray(ReflectionUtils.java:189)
	at org.apache.maven.surefire.booter.ProviderFactory$ProviderProxy.invoke(ProviderFactory.java:165)
	at org.apache.maven.surefire.booter.ProviderFactory.invokeProvider(ProviderFactory.java:85)
	at org.apache.maven.surefire.booter.ForkedBooter.runSuitesInProcess(ForkedBooter.java:103)
	at org.apache.maven.surefire.booter.ForkedBooter.main(ForkedBooter.java:74)
</failure>
    <system-out>tearDown
tearDown
</system-out>
  </testcase>
  <testcase classname="example.TC01_indoor_map" name="afterTest" time="10.241">
    <skipped/>
  </testcase>
  <testcase classname="example.TC01_indoor_map" name="afterTest" time="10.241">
    <skipped/>
  </testcase>
  <testcase classname="example.TC01_indoor_map" name="afterTest" time="10.241">
    <skipped/>
  </testcase>
  <testcase classname="example.TC01_indoor_map" name="afterTest" time="10.241">
    <skipped/>
  </testcase>
  <testcase classname="example.TC01_indoor_map" name="afterTest" time="10.241">
    <skipped/>
  </testcase>
</testsuite>