<?xml version="1.0" encoding="UTF-8" ?>
<testsuite tests="27" failures="1" name="TestSuite" time="46.457" errors="0" skipped="26">
  <properties>
[...]
</properties>
  <testcase classname="example.TC01_indoor_map" name="beforeTest" time="7.74">
    <failure message="Error retrieving window with handle current (WARNING: The server did not provide any stacktrace information)
Command duration or timeout: 14 milliseconds
Build info: version: &apos;2.48.0&apos;, revision: &apos;b7b081a4f1289f17e8ecd38bc67e137c2a12e34a&apos;, time: &apos;2015-10-07 09:50:14&apos;
System info: host: &apos;WIN-4FMBHHT0AJI&apos;, ip: &apos;10.12.45.232&apos;, os.name: &apos;Windows 7&apos;, os.arch: &apos;amd64&apos;, os.version: &apos;6.1&apos;, java.version: &apos;1.8.0_73&apos;
Driver info: org.openqa.selenium.ie.InternetExplorerDriver
Capabilities [{browserAttachTimeout=0, enablePersistentHover=true, ie.forceCreateProcessApi=false, pageLoadStrategy=normal, ie.usePerProcessProxy=false, ignoreZoomSetting=false, handlesAlerts=true, version=10, platform=WINDOWS, nativeEvents=true, ie.ensureCleanSession=false, elementScrollBehavior=0, ie.browserCommandLineSwitches=, requireWindowFocus=false, browserName=internet explorer, initialBrowserUrl=http://localhost:16653/, takesScreenshot=true, javascriptEnabled=true, ignoreProtectedModeSettings=true, enableElementCacheCleanup=true, cssSelectorsEnabled=true, unexpectedAlertBehaviour=dismiss}]
Session ID: 54bdc7fc-be75-4cce-9055-191e88c7afc2" type="org.openqa.selenium.NoSuchWindowException">org.openqa.selenium.NoSuchWindowException: Error retrieving window with handle current (WARNING: The server did not provide any stacktrace information)
Command duration or timeout: 14 milliseconds
Build info: version: &apos;2.48.0&apos;, revision: &apos;b7b081a4f1289f17e8ecd38bc67e137c2a12e34a&apos;, time: &apos;2015-10-07 09:50:14&apos;
System info: host: &apos;WIN-4FMBHHT0AJI&apos;, ip: &apos;10.12.45.232&apos;, os.name: &apos;Windows 7&apos;, os.arch: &apos;amd64&apos;, os.version: &apos;6.1&apos;, java.version: &apos;1.8.0_73&apos;
Driver info: org.openqa.selenium.ie.InternetExplorerDriver
Capabilities [{browserAttachTimeout=0, enablePersistentHover=true, ie.forceCreateProcessApi=false, pageLoadStrategy=normal, ie.usePerProcessProxy=false, ignoreZoomSetting=false, handlesAlerts=true, version=10, platform=WINDOWS, nativeEvents=true, ie.ensureCleanSession=false, elementScrollBehavior=0, ie.browserCommandLineSwitches=, requireWindowFocus=false, browserName=internet explorer, initialBrowserUrl=http://localhost:16653/, takesScreenshot=true, javascriptEnabled=true, ignoreProtectedModeSettings=true, enableElementCacheCleanup=true, cssSelectorsEnabled=true, unexpectedAlertBehaviour=dismiss}]
Session ID: 54bdc7fc-be75-4cce-9055-191e88c7afc2
	at sun.reflect.NativeConstructorAccessorImpl.newInstance0(Native Method)
	at sun.reflect.NativeConstructorAccessorImpl.newInstance(Unknown Source)
	at sun.reflect.DelegatingConstructorAccessorImpl.newInstance(Unknown Source)
	at java.lang.reflect.Constructor.newInstance(Unknown Source)
	at org.openqa.selenium.remote.ErrorHandler.createThrowable(ErrorHandler.java:206)
	at org.openqa.selenium.remote.ErrorHandler.throwIfResponseFailed(ErrorHandler.java:158)
	at org.openqa.selenium.remote.RemoteWebDriver.execute(RemoteWebDriver.java:647)
	at org.openqa.selenium.remote.RemoteWebDriver$RemoteWebDriverOptions$RemoteWindow.maximize(RemoteWebDriver.java:907)
	at example.TC02_search_menu.beforeTest(TC02_search_menu.java:180)
	at sun.reflect.NativeMethodAccessorImpl.invoke0(Native Method)
	at sun.reflect.NativeMethodAccessorImpl.invoke(Unknown Source)
	at sun.reflect.DelegatingMethodAccessorImpl.invoke(Unknown Source)
	at java.lang.reflect.Method.invoke(Unknown Source)
	at org.testng.internal.MethodInvocationHelper.invokeMethod(MethodInvocationHelper.java:80)
	at org.testng.internal.Invoker.invokeConfigurationMethod(Invoker.java:564)
	at org.testng.internal.Invoker.invokeConfigurations(Invoker.java:213)
	at org.testng.internal.Invoker.invokeConfigurations(Invoker.java:138)
	at org.testng.TestRunner.beforeRun(TestRunner.java:641)
	at org.testng.TestRunner.run(TestRunner.java:609)
	at org.testng.SuiteRunner.runTest(SuiteRunner.java:334)
	at org.testng.SuiteRunner.runSequentially(SuiteRunner.java:329)
	at org.testng.SuiteRunner.privateRun(SuiteRunner.java:291)
	at org.testng.SuiteRunner.run(SuiteRunner.java:240)
	at org.testng.SuiteRunnerWorker.runSuite(SuiteRunnerWorker.java:52)
	at org.testng.SuiteRunnerWorker.run(SuiteRunnerWorker.java:86)
	at org.testng.TestNG.runSuitesSequentially(TestNG.java:1198)
	at org.testng.TestNG.runSuitesLocally(TestNG.java:1123)
	at org.testng.TestNG.run(TestNG.java:1031)
	at org.apache.maven.surefire.testng.TestNGExecutor.run(TestNGExecutor.java:177)
	at org.apache.maven.surefire.testng.TestNGXmlTestSuite.execute(TestNGXmlTestSuite.java:92)
	at org.apache.maven.surefire.testng.TestNGProvider.invoke(TestNGProvider.java:105)
	at sun.reflect.NativeMethodAccessorImpl.invoke0(Native Method)
	at sun.reflect.NativeMethodAccessorImpl.invoke(Unknown Source)
	at sun.reflect.DelegatingMethodAccessorImpl.invoke(Unknown Source)
	at java.lang.reflect.Method.invoke(Unknown Source)
	at org.apache.maven.surefire.util.ReflectionUtils.invokeMethodWithArray(ReflectionUtils.java:189)
	at org.apache.maven.surefire.booter.ProviderFactory$ProviderProxy.invoke(ProviderFactory.java:165)
	at org.apache.maven.surefire.booter.ProviderFactory.invokeProvider(ProviderFactory.java:85)
	at org.apache.maven.surefire.booter.ForkedBooter.runSuitesInProcess(ForkedBooter.java:103)
	at org.apache.maven.surefire.booter.ForkedBooter.main(ForkedBooter.java:74)
</failure>
    <system-out>IE 오픈 성공
</system-out>
    <system-err>Started InternetExplorerDriver server (64-bit)
2.48.0.0
Listening on port 30385
Started InternetExplorerDriver server (64-bit)
2.48.0.0
Listening on port 16653
</system-err>
  </testcase>
  <testcase classname="example.TC01_indoor_map" name="openBrower" time="7.743">
    <skipped/>
  </testcase>
  <testcase classname="example.TC01_indoor_map" name="openBrower" time="7.743">
    <skipped/>
  </testcase>
  <testcase classname="example.TC01_indoor_map" name="openBrower" time="7.743">
    <skipped/>
  </testcase>
  <testcase classname="example.TC01_indoor_map" name="openBrower" time="7.743">
    <skipped/>
  </testcase>
  <testcase classname="example.TC01_indoor_map" name="openBrower" time="7.743">
    <skipped/>
  </testcase>
  <testcase classname="example.TC01_indoor_map" name="tc001" time="0">
    <skipped/>
  </testcase>
  <testcase classname="example.TC02_search_menu" name="tc007" time="0">
    <skipped/>
  </testcase>
  <testcase classname="example.TC02_search_menu" name="tc008" time="0">
    <skipped/>
  </testcase>
  <testcase classname="example.TC03_route_menu" name="tc002" time="0">
    <skipped/>
  </testcase>
  <testcase classname="example.TC03_route_menu" name="tc003" time="0">
    <skipped/>
  </testcase>
  <testcase classname="example.TC03_route_menu" name="tc004" time="0">
    <skipped/>
  </testcase>
  <testcase classname="example.TC03_route_menu" name="tc005" time="0">
    <skipped/>
  </testcase>
  <testcase classname="example.TC03_route_menu" name="tc006" time="0">
    <skipped/>
  </testcase>
  <testcase classname="example.TC04_bus_menu" name="tc009" time="0">
    <skipped/>
  </testcase>
  <testcase classname="example.TC05_subway_menu" name="tc010" time="0">
    <skipped/>
  </testcase>
  <testcase classname="example.TC06_endPage_detail" name="tc011" time="0">
    <skipped/>
  </testcase>
  <testcase classname="example.TC07_endPage_CP_Link" name="tc012" time="0">
    <skipped/>
  </testcase>
  <testcase classname="example.TC07_endPage_CP_Link" name="tc013" time="0">
    <skipped/>
  </testcase>
  <testcase classname="example.TC07_endPage_CP_Link" name="tc014" time="0">
    <skipped/>
  </testcase>
  <testcase classname="example.TC01_indoor_map" name="afterTest" time="0">
    <skipped/>
  </testcase>
  <testcase classname="example.TC01_indoor_map" name="afterTest" time="0">
    <skipped/>
  </testcase>
  <testcase classname="example.TC01_indoor_map" name="afterTest" time="0">
    <skipped/>
  </testcase>
  <testcase classname="example.TC01_indoor_map" name="afterTest" time="0">
    <skipped/>
  </testcase>
  <testcase classname="example.TC01_indoor_map" name="afterTest" time="0">
    <skipped/>
  </testcase>
  <testcase classname="example.TC01_indoor_map" name="afterTest" time="0.001">
    <skipped/>
  </testcase>
  <testcase classname="example.TC01_indoor_map" name="afterTest" time="0.001">
    <skipped/>
  </testcase>
</testsuite>