<?xml version="1.0" encoding="UTF-8"?>
<!-- Generated by org.testng.reporters.JUnitXMLReporter -->
<testsuite hostname="WIN-4FMBHHT0AJI" name="Test" tests="14" failures="0" timestamp="5 Apr 2016 12:57:28 GMT" time="10815.317" errors="0">
  <testcase name="@BeforeTest openBrower" time="0.0" classname="example.TC01_indoor_map">
    <failure type="org.openqa.selenium.remote.UnreachableBrowserException" message="Could not start a new session. Possible causes are invalid address of the remote server or browser start-up failure.
Build info: version: &amp;apos;2.48.0&amp;apos;, revision: &amp;apos;b7b081a4f1289f17e8ecd38bc67e137c2a12e34a&amp;apos;, time: &amp;apos;2015-10-07 09:50:14&amp;apos;
System info: host: &amp;apos;WIN-4FMBHHT0AJI&amp;apos;, ip: &amp;apos;10.12.45.232&amp;apos;, os.name: &amp;apos;Windows 7&amp;apos;, os.arch: &amp;apos;amd64&amp;apos;, os.version: &amp;apos;6.1&amp;apos;, java.version: &amp;apos;1.8.0_73&amp;apos;
Driver info: driver.version: InternetExplorerDriver">
      <![CDATA[org.openqa.selenium.remote.UnreachableBrowserException: Could not start a new session. Possible causes are invalid address of the remote server or browser start-up failure.
Build info: version: '2.48.0', revision: 'b7b081a4f1289f17e8ecd38bc67e137c2a12e34a', time: '2015-10-07 09:50:14'
System info: host: 'WIN-4FMBHHT0AJI', ip: '10.12.45.232', os.name: 'Windows 7', os.arch: 'amd64', os.version: '6.1', java.version: '1.8.0_73'
Driver info: driver.version: InternetExplorerDriver
	at org.openqa.selenium.remote.RemoteWebDriver.execute(RemoteWebDriver.java:641)
	at org.openqa.selenium.remote.RemoteWebDriver.startSession(RemoteWebDriver.java:247)
	at org.openqa.selenium.remote.RemoteWebDriver.startSession(RemoteWebDriver.java:232)
	at org.openqa.selenium.ie.InternetExplorerDriver.run(InternetExplorerDriver.java:182)
	at org.openqa.selenium.ie.InternetExplorerDriver.<init>(InternetExplorerDriver.java:174)
	at org.openqa.selenium.ie.InternetExplorerDriver.<init>(InternetExplorerDriver.java:150)
	at example.TC04_bus_menu.openBrower(TC04_bus_menu.java:133)
	at org.apache.maven.surefire.testng.TestNGExecutor.run(TestNGExecutor.java:295)
	at org.apache.maven.surefire.testng.TestNGXmlTestSuite.execute(TestNGXmlTestSuite.java:84)
	at org.apache.maven.surefire.testng.TestNGProvider.invoke(TestNGProvider.java:90)
	at org.apache.maven.surefire.booter.ForkedBooter.invokeProviderInSameClassLoader(ForkedBooter.java:203)
	at org.apache.maven.surefire.booter.ForkedBooter.runSuitesInProcess(ForkedBooter.java:155)
	at org.apache.maven.surefire.booter.ForkedBooter.main(ForkedBooter.java:103)
Caused by: org.openqa.selenium.WebDriverException: java.net.SocketTimeoutException: Read timed out
Build info: version: '2.48.0', revision: 'b7b081a4f1289f17e8ecd38bc67e137c2a12e34a', time: '2015-10-07 09:50:14'
System info: host: 'WIN-4FMBHHT0AJI', ip: '10.12.45.232', os.name: 'Windows 7', os.arch: 'amd64', os.version: '6.1', java.version: '1.8.0_73'
Driver info: driver.version: InternetExplorerDriver
	at org.openqa.selenium.remote.service.DriverCommandExecutor.execute(DriverCommandExecutor.java:91)
	at org.openqa.selenium.remote.RemoteWebDriver.execute(RemoteWebDriver.java:620)
	... 31 more
Caused by: java.net.SocketTimeoutException: Read timed out
	at java.net.SocketInputStream.socketRead0(Native Method)
	at java.net.SocketInputStream.socketRead(Unknown Source)
	at java.net.SocketInputStream.read(Unknown Source)
	at java.net.SocketInputStream.read(Unknown Source)
	at org.apache.http.impl.io.SessionInputBufferImpl.streamRead(SessionInputBufferImpl.java:139)
	at org.apache.http.impl.io.SessionInputBufferImpl.fillBuffer(SessionInputBufferImpl.java:155)
	at org.apache.http.impl.io.SessionInputBufferImpl.readLine(SessionInputBufferImpl.java:284)
	at org.apache.http.impl.conn.DefaultHttpResponseParser.parseHead(DefaultHttpResponseParser.java:140)
	at org.apache.http.impl.conn.DefaultHttpResponseParser.parseHead(DefaultHttpResponseParser.java:57)
	at org.apache.http.impl.io.AbstractMessageParser.parse(AbstractMessageParser.java:261)
	at org.apache.http.impl.DefaultBHttpClientConnection.receiveResponseHeader(DefaultBHttpClientConnection.java:165)
	at org.apache.http.impl.conn.CPoolProxy.receiveResponseHeader(CPoolProxy.java:167)
	at org.apache.http.protocol.HttpRequestExecutor.doReceiveResponse(HttpRequestExecutor.java:272)
	at org.apache.http.protocol.HttpRequestExecutor.execute(HttpRequestExecutor.java:124)
	at org.apache.http.impl.execchain.MainClientExec.execute(MainClientExec.java:271)
	at org.apache.http.impl.execchain.ProtocolExec.execute(ProtocolExec.java:184)
	at org.apache.http.impl.execchain.RetryExec.execute(RetryExec.java:88)
	at org.apache.http.impl.execchain.RedirectExec.execute(RedirectExec.java:110)
	at org.apache.http.impl.client.InternalHttpClient.doExecute(InternalHttpClient.java:184)
	at org.apache.http.impl.client.CloseableHttpClient.execute(CloseableHttpClient.java:71)
	at org.apache.http.impl.client.CloseableHttpClient.execute(CloseableHttpClient.java:55)
	at org.openqa.selenium.remote.internal.ApacheHttpClient.fallBackExecute(ApacheHttpClient.java:143)
	at org.openqa.selenium.remote.internal.ApacheHttpClient.execute(ApacheHttpClient.java:89)
	at org.openqa.selenium.remote.HttpCommandExecutor.execute(HttpCommandExecutor.java:142)
	at org.openqa.selenium.remote.service.DriverCommandExecutor.execute(DriverCommandExecutor.java:82)
	... 32 more
... Removed 19 stack frames]]>
    </failure>
  </testcase> <!-- @BeforeTest openBrower -->
  <testcase name="@BeforeTest openBrower" time="0.0" classname="example.TC01_indoor_map">
    <skipped/>
  </testcase> <!-- @BeforeTest openBrower -->
  <testcase name="@BeforeTest openBrower" time="0.0" classname="example.TC01_indoor_map">
    <skipped/>
  </testcase> <!-- @BeforeTest openBrower -->
  <testcase name="@BeforeTest openBrower" time="0.0" classname="example.TC01_indoor_map">
    <skipped/>
  </testcase> <!-- @BeforeTest openBrower -->
  <testcase name="@AfterTest afterTest" time="0.0" classname="example.TC01_indoor_map">
    <skipped/>
  </testcase> <!-- @AfterTest afterTest -->
  <testcase name="@AfterTest afterTest" time="0.0" classname="example.TC01_indoor_map">
    <skipped/>
  </testcase> <!-- @AfterTest afterTest -->
  <testcase name="@AfterTest afterTest" time="0.0" classname="example.TC01_indoor_map">
    <skipped/>
  </testcase> <!-- @AfterTest afterTest -->
  <testcase name="@AfterTest afterTest" time="0.0" classname="example.TC01_indoor_map">
    <skipped/>
  </testcase> <!-- @AfterTest afterTest -->
  <testcase name="@AfterTest afterTest" time="0.0" classname="example.TC01_indoor_map">
    <skipped/>
  </testcase> <!-- @AfterTest afterTest -->
  <testcase name="@AfterTest afterTest" time="0.0" classname="example.TC01_indoor_map">
    <skipped/>
  </testcase> <!-- @AfterTest afterTest -->
  <testcase name="@AfterTest afterTest" time="0.0" classname="example.TC01_indoor_map">
    <skipped/>
  </testcase> <!-- @AfterTest afterTest -->
  <testcase name="tc001" time="0.0" classname="example.TC01_indoor_map">
    <skipped/>
  </testcase> <!-- tc001 -->
  <testcase name="tc007" time="0.001" classname="example.TC02_search_menu">
    <skipped/>
  </testcase> <!-- tc007 -->
  <testcase name="tc008" time="0.0" classname="example.TC02_search_menu">
    <skipped/>
  </testcase> <!-- tc008 -->
  <testcase name="tc002" time="0.0" classname="example.TC03_route_menu">
    <skipped/>
  </testcase> <!-- tc002 -->
  <testcase name="tc003" time="0.001" classname="example.TC03_route_menu">
    <skipped/>
  </testcase> <!-- tc003 -->
  <testcase name="tc004" time="0.0" classname="example.TC03_route_menu">
    <skipped/>
  </testcase> <!-- tc004 -->
  <testcase name="tc005" time="0.0" classname="example.TC03_route_menu">
    <skipped/>
  </testcase> <!-- tc005 -->
  <testcase name="tc006" time="0.001" classname="example.TC03_route_menu">
    <skipped/>
  </testcase> <!-- tc006 -->
  <testcase name="tc009" time="0.0" classname="example.TC04_bus_menu">
    <skipped/>
  </testcase> <!-- tc009 -->
  <testcase name="tc010" time="0.0" classname="example.TC05_subway_menu">
    <skipped/>
  </testcase> <!-- tc010 -->
  <testcase name="tc011" time="0.0" classname="example.TC06_endPage_detail">
    <skipped/>
  </testcase> <!-- tc011 -->
  <testcase name="tc012" time="0.0" classname="example.TC07_endPage_CP_Link">
    <skipped/>
  </testcase> <!-- tc012 -->
  <testcase name="tc013" time="0.0" classname="example.TC07_endPage_CP_Link">
    <skipped/>
  </testcase> <!-- tc013 -->
  <testcase name="tc014" time="0.0" classname="example.TC07_endPage_CP_Link">
    <skipped/>
  </testcase> <!-- tc014 -->
</testsuite> <!-- Test -->
